<?xml version="1.0" encoding="UTF-8"?>
<checkstyle version="8.38">
<file name="C:\Users\Oliwer\GitHub\ai-generated-code\app\src\main\java\ChatGPT\BinarySearch\T1\BinarySearch.java">
</file>
<file name="C:\Users\Oliwer\GitHub\ai-generated-code\app\src\main\java\ChatGPT\BinarySearch\T2\BinarySearch.java">
</file>
<file name="C:\Users\Oliwer\GitHub\ai-generated-code\app\src\main\java\ChatGPT\BinarySearch\T3\BinarySearch.java">
</file>
<file name="C:\Users\Oliwer\GitHub\ai-generated-code\app\src\main\java\ChatGPT\BinarySearch\T4\BinarySearch.java">
</file>
<file name="C:\Users\Oliwer\GitHub\ai-generated-code\app\src\main\java\ChatGPT\BinarySearch\T5\BinarySearch.java">
</file>
<file name="C:\Users\Oliwer\GitHub\ai-generated-code\app\src\main\java\ChatGPT\BreadthFirstSearch\T1\BreadthFirstSearch.java">
</file>
<file name="C:\Users\Oliwer\GitHub\ai-generated-code\app\src\main\java\ChatGPT\BreadthFirstSearch\T2\BreadthFirstSearch.java">
</file>
<file name="C:\Users\Oliwer\GitHub\ai-generated-code\app\src\main\java\ChatGPT\BreadthFirstSearch\T3\BreadthFirstSearch.java">
</file>
<file name="C:\Users\Oliwer\GitHub\ai-generated-code\app\src\main\java\ChatGPT\BreadthFirstSearch\T4\BreadthFirstSearch.java">
</file>
<file name="C:\Users\Oliwer\GitHub\ai-generated-code\app\src\main\java\ChatGPT\BreadthFirstSearch\T5\BreadthFirstSearch.java">
</file>
<file name="C:\Users\Oliwer\GitHub\ai-generated-code\app\src\main\java\ChatGPT\BreadthFirstSearch\T6\BreadthFirstSearch.java">
</file>
<file name="C:\Users\Oliwer\GitHub\ai-generated-code\app\src\main\java\ChatGPT\Knapsack\T1\Knapsack.java">
</file>
<file name="C:\Users\Oliwer\GitHub\ai-generated-code\app\src\main\java\ChatGPT\Knapsack\T2\Knapsack.java">
</file>
<file name="C:\Users\Oliwer\GitHub\ai-generated-code\app\src\main\java\ChatGPT\Knapsack\T3\Knapsack.java">
</file>
<file name="C:\Users\Oliwer\GitHub\ai-generated-code\app\src\main\java\ChatGPT\Knapsack\T4\Knapsack.java">
</file>
<file name="C:\Users\Oliwer\GitHub\ai-generated-code\app\src\main\java\ChatGPT\Knapsack\T5\Knapsack.java">
</file>
<file name="C:\Users\Oliwer\GitHub\ai-generated-code\app\src\main\java\ChatGPT\MergeSort\T1\MergeSort.java">
<error line="12" column="16" severity="warning" message="More than 3 parameters (found 4)." source="com.puppycrawl.tools.checkstyle.checks.sizes.ParameterNumberCheck"/>
<error line="22" column="16" severity="warning" message="More than 3 parameters (found 5)." source="com.puppycrawl.tools.checkstyle.checks.sizes.ParameterNumberCheck"/>
</file>
<file name="C:\Users\Oliwer\GitHub\ai-generated-code\app\src\main\java\ChatGPT\MergeSort\T2\MergeSort.java">
<error line="21" column="3" severity="warning" message="Method length is 33 lines (max allowed is 20)." source="com.puppycrawl.tools.checkstyle.checks.sizes.MethodLengthCheck"/>
<error line="21" column="3" severity="warning" message="NCSS for this method is 26 (max allowed is 20)." source="com.puppycrawl.tools.checkstyle.checks.metrics.JavaNCSSCheck"/>
<error line="21" column="16" severity="warning" message="More than 3 parameters (found 4)." source="com.puppycrawl.tools.checkstyle.checks.sizes.ParameterNumberCheck"/>
</file>
<file name="C:\Users\Oliwer\GitHub\ai-generated-code\app\src\main\java\ChatGPT\MergeSort\T3\MergeSort.java">
<error line="20" column="16" severity="warning" message="More than 3 parameters (found 4)." source="com.puppycrawl.tools.checkstyle.checks.sizes.ParameterNumberCheck"/>
</file>
<file name="C:\Users\Oliwer\GitHub\ai-generated-code\app\src\main\java\ChatGPT\MergeSort\T4\MergeSort.java">
<error line="21" column="3" severity="warning" message="Method length is 22 lines (max allowed is 20)." source="com.puppycrawl.tools.checkstyle.checks.sizes.MethodLengthCheck"/>
<error line="21" column="16" severity="warning" message="More than 3 parameters (found 4)." source="com.puppycrawl.tools.checkstyle.checks.sizes.ParameterNumberCheck"/>
</file>
<file name="C:\Users\Oliwer\GitHub\ai-generated-code\app\src\main\java\ChatGPT\MergeSort\T5\MergeSort.java">
<error line="22" column="16" severity="warning" message="More than 3 parameters (found 4)." source="com.puppycrawl.tools.checkstyle.checks.sizes.ParameterNumberCheck"/>
</file>
<file name="C:\Users\Oliwer\GitHub\ai-generated-code\app\src\main\java\ChatGPT\QuickSort\T1\QuickSort.java">
</file>
<file name="C:\Users\Oliwer\GitHub\ai-generated-code\app\src\main\java\ChatGPT\QuickSort\T2\QuickSort.java">
</file>
<file name="C:\Users\Oliwer\GitHub\ai-generated-code\app\src\main\java\ChatGPT\QuickSort\T3\QuickSort.java">
</file>
<file name="C:\Users\Oliwer\GitHub\ai-generated-code\app\src\main\java\ChatGPT\QuickSort\T4\QuickSort.java">
</file>
<file name="C:\Users\Oliwer\GitHub\ai-generated-code\app\src\main\java\ChatGPT\QuickSort\T5\QuickSort.java">
</file>
<file name="C:\Users\Oliwer\GitHub\ai-generated-code\app\src\main\java\Copilot\BinarySearch\T1\BinarySearch.java">
</file>
<file name="C:\Users\Oliwer\GitHub\ai-generated-code\app\src\main\java\Copilot\BinarySearch\T2\BinarySearch.java">
</file>
<file name="C:\Users\Oliwer\GitHub\ai-generated-code\app\src\main\java\Copilot\BinarySearch\T3\BinarySearch.java">
</file>
<file name="C:\Users\Oliwer\GitHub\ai-generated-code\app\src\main\java\Copilot\BinarySearch\T4\BinarySearch.java">
</file>
<file name="C:\Users\Oliwer\GitHub\ai-generated-code\app\src\main\java\Copilot\BinarySearch\T5\BinarySearch.java">
</file>
<file name="C:\Users\Oliwer\GitHub\ai-generated-code\app\src\main\java\Copilot\BreadthFirstSearch\T1\BreadthFirstSearch.java">
</file>
<file name="C:\Users\Oliwer\GitHub\ai-generated-code\app\src\main\java\Copilot\BreadthFirstSearch\T2\BreadthFirstSearch.java">
</file>
<file name="C:\Users\Oliwer\GitHub\ai-generated-code\app\src\main\java\Copilot\BreadthFirstSearch\T3\BreadthFirstSearch.java">
</file>
<file name="C:\Users\Oliwer\GitHub\ai-generated-code\app\src\main\java\Copilot\BreadthFirstSearch\T4\BreadthFirstSearch.java">
<error line="6" severity="warning" message="Line is longer than 120 characters (found 166)." source="com.puppycrawl.tools.checkstyle.checks.sizes.LineLengthCheck"/>
<error line="7" severity="warning" message="Line is longer than 120 characters (found 230)." source="com.puppycrawl.tools.checkstyle.checks.sizes.LineLengthCheck"/>
</file>
<file name="C:\Users\Oliwer\GitHub\ai-generated-code\app\src\main\java\Copilot\BreadthFirstSearch\T5\BreadthFirstSearch.java">
<error line="7" severity="warning" message="Line is longer than 120 characters (found 166)." source="com.puppycrawl.tools.checkstyle.checks.sizes.LineLengthCheck"/>
<error line="8" severity="warning" message="Line is longer than 120 characters (found 230)." source="com.puppycrawl.tools.checkstyle.checks.sizes.LineLengthCheck"/>
</file>
<file name="C:\Users\Oliwer\GitHub\ai-generated-code\app\src\main\java\Copilot\Knapsack\T1\Knapsack.java">
<error line="16" column="3" severity="warning" message="Method length is 22 lines (max allowed is 20)." source="com.puppycrawl.tools.checkstyle.checks.sizes.MethodLengthCheck"/>
</file>
<file name="C:\Users\Oliwer\GitHub\ai-generated-code\app\src\main\java\Copilot\Knapsack\T2\Knapsack.java">
<error line="19" column="3" severity="warning" message="Method length is 22 lines (max allowed is 20)." source="com.puppycrawl.tools.checkstyle.checks.sizes.MethodLengthCheck"/>
</file>
<file name="C:\Users\Oliwer\GitHub\ai-generated-code\app\src\main\java\Copilot\Knapsack\T3\Knapsack.java">
</file>
<file name="C:\Users\Oliwer\GitHub\ai-generated-code\app\src\main\java\Copilot\Knapsack\T4\Knapsack.java">
</file>
<file name="C:\Users\Oliwer\GitHub\ai-generated-code\app\src\main\java\Copilot\Knapsack\T5\Knapsack.java">
</file>
<file name="C:\Users\Oliwer\GitHub\ai-generated-code\app\src\main\java\Copilot\MergeSort\T1\MergeSort.java">
<error line="4" column="3" severity="warning" message="Method length is 26 lines (max allowed is 20)." source="com.puppycrawl.tools.checkstyle.checks.sizes.MethodLengthCheck"/>
<error line="4" column="16" severity="warning" message="More than 3 parameters (found 4)." source="com.puppycrawl.tools.checkstyle.checks.sizes.ParameterNumberCheck"/>
</file>
<file name="C:\Users\Oliwer\GitHub\ai-generated-code\app\src\main\java\Copilot\MergeSort\T2\MergeSort.java">
<error line="4" column="3" severity="warning" message="Method length is 24 lines (max allowed is 20)." source="com.puppycrawl.tools.checkstyle.checks.sizes.MethodLengthCheck"/>
<error line="4" column="3" severity="warning" message="NCSS for this method is 21 (max allowed is 20)." source="com.puppycrawl.tools.checkstyle.checks.metrics.JavaNCSSCheck"/>
</file>
<file name="C:\Users\Oliwer\GitHub\ai-generated-code\app\src\main\java\Copilot\MergeSort\T3\MergeSort.java">
</file>
<file name="C:\Users\Oliwer\GitHub\ai-generated-code\app\src\main\java\Copilot\MergeSort\T4\MergeSort.java">
</file>
<file name="C:\Users\Oliwer\GitHub\ai-generated-code\app\src\main\java\Copilot\MergeSort\T5\MergeSort.java">
</file>
<file name="C:\Users\Oliwer\GitHub\ai-generated-code\app\src\main\java\Copilot\QuickSort\T1\QuickSort.java">
</file>
<file name="C:\Users\Oliwer\GitHub\ai-generated-code\app\src\main\java\Copilot\QuickSort\T2\QuickSort.java">
</file>
<file name="C:\Users\Oliwer\GitHub\ai-generated-code\app\src\main\java\Copilot\QuickSort\T3\QuickSort.java">
</file>
<file name="C:\Users\Oliwer\GitHub\ai-generated-code\app\src\main\java\Copilot\QuickSort\T4\QuickSort.java">
</file>
<file name="C:\Users\Oliwer\GitHub\ai-generated-code\app\src\main\java\Copilot\QuickSort\T5\QuickSort.java">
</file>
</checkstyle>
