<?xml version="1.0" encoding="UTF-8"?>
<testsuite name="BookExamples.BinarySearchTest" tests="2" skipped="0" failures="0" errors="0" timestamp="2023-03-11T16:10:41" hostname="DESKTOP-RNKL0NM" time="0.005">
  <properties/>
  <testcase name="shouldReturnFalseForInputNumberNotFound()" classname="BookExamples.BinarySearchTest" time="0.004"/>
  <testcase name="shouldReturnTrueForInputNumberFound()" classname="BookExamples.BinarySearchTest" time="0.0"/>
  <system-out><![CDATA[]]></system-out>
  <system-err><![CDATA[]]></system-err>
</testsuite>
