<?xml version="1.0" encoding="UTF-8"?>
<testsuite name="BookExamples.QuickSortTest" tests="1" skipped="0" failures="0" errors="0" timestamp="2023-03-11T16:10:41" hostname="DESKTOP-RNKL0NM" time="0.0">
  <properties/>
  <testcase name="shouldSortArray()" classname="BookExamples.QuickSortTest" time="0.0"/>
  <system-out><![CDATA[]]></system-out>
  <system-err><![CDATA[]]></system-err>
</testsuite>
