<?xml version="1.0" encoding="UTF-8"?>
<testsuite name="BookExamples.DepthFirstSearchTest" tests="2" skipped="0" failures="0" errors="0" timestamp="2023-03-11T16:10:41" hostname="DESKTOP-RNKL0NM" time="0.002">
  <properties/>
  <testcase name="shouldReturnCorrectParentArray()" classname="BookExamples.DepthFirstSearchTest" time="0.001"/>
  <testcase name="shouldAddEdgeToSingleNode()" classname="BookExamples.DepthFirstSearchTest" time="0.001"/>
  <system-out><![CDATA[]]></system-out>
  <system-err><![CDATA[]]></system-err>
</testsuite>
